2015-05-07T00:31:20+02:00 DEBUG (7): Array
(
    [localhost] => Array
        (
            [Request] => Zend\Uri\Http Object
                (
                    [validHostTypes:protected] => 19
                    [user:protected] => 
                    [password:protected] => 
                    [scheme:protected] => http
                    [userInfo:protected] => 
                    [host:protected] => localhost
                    [port:protected] => 
                    [path:protected] => /cursozf2/public/market/view/main/beauty
                    [query:protected] => 
                    [fragment:protected] => 
                )

            [Exception] => Array
                (
                    [Class] => Zend\Db\Adapter\Exception\RuntimeException
                    [Code] => 2002
                    [File] => C:\xampp\htdocs\CursoZF2\vendor\zendframework\zendframework\library\Zend\Db\Adapter\Driver\Pdo\Connection.php:331
                    [Message] => Connect Error: SQLSTATE[HY000] [2002] Nenhuma conexão pôde ser feita porque a máquina de destino as recusou ativamente.

                    [Trace] => #0 C:\xampp\htdocs\CursoZF2\vendor\zendframework\zendframework\library\Zend\Db\Adapter\Driver\Pdo\Pdo.php(249): Zend\Db\Adapter\Driver\Pdo\Connection->connect()
#1 C:\xampp\htdocs\CursoZF2\vendor\zendframework\zendframework\library\Zend\Db\Sql\Sql.php(120): Zend\Db\Adapter\Driver\Pdo\Pdo->createStatement()
#2 C:\xampp\htdocs\CursoZF2\vendor\zendframework\zendframework\library\Zend\Db\TableGateway\AbstractTableGateway.php(232): Zend\Db\Sql\Sql->prepareStatementForSqlObject(Object(Zend\Db\Sql\Select))
#3 C:\xampp\htdocs\CursoZF2\vendor\zendframework\zendframework\library\Zend\Db\TableGateway\AbstractTableGateway.php(208): Zend\Db\TableGateway\AbstractTableGateway->executeSelect(Object(Zend\Db\Sql\Select))
#4 C:\xampp\htdocs\CursoZF2\vendor\zendframework\zendframework\library\Zend\Db\TableGateway\AbstractTableGateway.php(195): Zend\Db\TableGateway\AbstractTableGateway->selectWith(Object(Zend\Db\Sql\Select))
#5 C:\xampp\htdocs\CursoZF2\module\Market\src\Market\Model\ListingsTable.php(27): Zend\Db\TableGateway\AbstractTableGateway->select(Array)
#6 C:\xampp\htdocs\CursoZF2\module\Market\src\Market\Controller\ViewController.php(30): Market\Model\ListingsTable->getListingsByCategory('beauty')
#7 C:\xampp\htdocs\CursoZF2\vendor\zendframework\zendframework\library\Zend\Mvc\Controller\AbstractActionController.php(83): Market\Controller\ViewController->indexAction()
#8 [internal function]: Zend\Mvc\Controller\AbstractActionController->onDispatch(Object(Zend\Mvc\MvcEvent))
#9 C:\xampp\htdocs\CursoZF2\vendor\zendframework\zendframework\library\Zend\EventManager\EventManager.php(468): call_user_func(Array, Object(Zend\Mvc\MvcEvent))
#10 C:\xampp\htdocs\CursoZF2\vendor\zendframework\zendframework\library\Zend\EventManager\EventManager.php(207): Zend\EventManager\EventManager->triggerListeners('dispatch', Object(Zend\Mvc\MvcEvent), Object(Closure))
#11 C:\xampp\htdocs\CursoZF2\vendor\zendframework\zendframework\library\Zend\Mvc\Controller\AbstractController.php(116): Zend\EventManager\EventManager->trigger('dispatch', Object(Zend\Mvc\MvcEvent), Object(Closure))
#12 C:\xampp\htdocs\CursoZF2\vendor\zendframework\zendframework\library\Zend\Mvc\DispatchListener.php(113): Zend\Mvc\Controller\AbstractController->dispatch(Object(Zend\Http\PhpEnvironment\Request), Object(Zend\Http\PhpEnvironment\Response))
#13 [internal function]: Zend\Mvc\DispatchListener->onDispatch(Object(Zend\Mvc\MvcEvent))
#14 C:\xampp\htdocs\CursoZF2\vendor\zendframework\zendframework\library\Zend\EventManager\EventManager.php(468): call_user_func(Array, Object(Zend\Mvc\MvcEvent))
#15 C:\xampp\htdocs\CursoZF2\vendor\zendframework\zendframework\library\Zend\EventManager\EventManager.php(207): Zend\EventManager\EventManager->triggerListeners('dispatch', Object(Zend\Mvc\MvcEvent), Object(Closure))
#16 C:\xampp\htdocs\CursoZF2\vendor\zendframework\zendframework\library\Zend\Mvc\Application.php(313): Zend\EventManager\EventManager->trigger('dispatch', Object(Zend\Mvc\MvcEvent), Object(Closure))
#17 C:\xampp\htdocs\CursoZF2\public\index.php(23): Zend\Mvc\Application->run()
#18 {main}
                )

        )

)
 {"Caprio\\Logger":"{\"sessionId\":\"\",\"host\":\"localhost\",\"ip\":\"::1\"}"}
2015-05-07T00:31:45+02:00 DEBUG (7): Array
(
    [localhost] => Array
        (
            [Request] => Zend\Uri\Http Object
                (
                    [validHostTypes:protected] => 19
                    [user:protected] => 
                    [password:protected] => 
                    [scheme:protected] => http
                    [userInfo:protected] => 
                    [host:protected] => localhost
                    [port:protected] => 
                    [path:protected] => /cursozf2/public/market/view/main/beauty
                    [query:protected] => 
                    [fragment:protected] => 
                )

            [Exception] => Array
                (
                    [Class] => Zend\Db\Adapter\Exception\RuntimeException
                    [Code] => 2002
                    [File] => C:\xampp\htdocs\CursoZF2\vendor\zendframework\zendframework\library\Zend\Db\Adapter\Driver\Pdo\Connection.php:331
                    [Message] => Connect Error: SQLSTATE[HY000] [2002] Nenhuma conexão pôde ser feita porque a máquina de destino as recusou ativamente.

                    [Trace] => #0 C:\xampp\htdocs\CursoZF2\vendor\zendframework\zendframework\library\Zend\Db\Adapter\Driver\Pdo\Pdo.php(249): Zend\Db\Adapter\Driver\Pdo\Connection->connect()
#1 C:\xampp\htdocs\CursoZF2\vendor\zendframework\zendframework\library\Zend\Db\Sql\Sql.php(120): Zend\Db\Adapter\Driver\Pdo\Pdo->createStatement()
#2 C:\xampp\htdocs\CursoZF2\vendor\zendframework\zendframework\library\Zend\Db\TableGateway\AbstractTableGateway.php(232): Zend\Db\Sql\Sql->prepareStatementForSqlObject(Object(Zend\Db\Sql\Select))
#3 C:\xampp\htdocs\CursoZF2\vendor\zendframework\zendframework\library\Zend\Db\TableGateway\AbstractTableGateway.php(208): Zend\Db\TableGateway\AbstractTableGateway->executeSelect(Object(Zend\Db\Sql\Select))
#4 C:\xampp\htdocs\CursoZF2\vendor\zendframework\zendframework\library\Zend\Db\TableGateway\AbstractTableGateway.php(195): Zend\Db\TableGateway\AbstractTableGateway->selectWith(Object(Zend\Db\Sql\Select))
#5 C:\xampp\htdocs\CursoZF2\module\Market\src\Market\Model\ListingsTable.php(27): Zend\Db\TableGateway\AbstractTableGateway->select(Array)
#6 C:\xampp\htdocs\CursoZF2\module\Market\src\Market\Controller\ViewController.php(30): Market\Model\ListingsTable->getListingsByCategory('beauty')
#7 C:\xampp\htdocs\CursoZF2\vendor\zendframework\zendframework\library\Zend\Mvc\Controller\AbstractActionController.php(83): Market\Controller\ViewController->indexAction()
#8 [internal function]: Zend\Mvc\Controller\AbstractActionController->onDispatch(Object(Zend\Mvc\MvcEvent))
#9 C:\xampp\htdocs\CursoZF2\vendor\zendframework\zendframework\library\Zend\EventManager\EventManager.php(468): call_user_func(Array, Object(Zend\Mvc\MvcEvent))
#10 C:\xampp\htdocs\CursoZF2\vendor\zendframework\zendframework\library\Zend\EventManager\EventManager.php(207): Zend\EventManager\EventManager->triggerListeners('dispatch', Object(Zend\Mvc\MvcEvent), Object(Closure))
#11 C:\xampp\htdocs\CursoZF2\vendor\zendframework\zendframework\library\Zend\Mvc\Controller\AbstractController.php(116): Zend\EventManager\EventManager->trigger('dispatch', Object(Zend\Mvc\MvcEvent), Object(Closure))
#12 C:\xampp\htdocs\CursoZF2\vendor\zendframework\zendframework\library\Zend\Mvc\DispatchListener.php(113): Zend\Mvc\Controller\AbstractController->dispatch(Object(Zend\Http\PhpEnvironment\Request), Object(Zend\Http\PhpEnvironment\Response))
#13 [internal function]: Zend\Mvc\DispatchListener->onDispatch(Object(Zend\Mvc\MvcEvent))
#14 C:\xampp\htdocs\CursoZF2\vendor\zendframework\zendframework\library\Zend\EventManager\EventManager.php(468): call_user_func(Array, Object(Zend\Mvc\MvcEvent))
#15 C:\xampp\htdocs\CursoZF2\vendor\zendframework\zendframework\library\Zend\EventManager\EventManager.php(207): Zend\EventManager\EventManager->triggerListeners('dispatch', Object(Zend\Mvc\MvcEvent), Object(Closure))
#16 C:\xampp\htdocs\CursoZF2\vendor\zendframework\zendframework\library\Zend\Mvc\Application.php(313): Zend\EventManager\EventManager->trigger('dispatch', Object(Zend\Mvc\MvcEvent), Object(Closure))
#17 C:\xampp\htdocs\CursoZF2\public\index.php(23): Zend\Mvc\Application->run()
#18 {main}
                )

        )

)
 {"Caprio\\Logger":"{\"sessionId\":\"\",\"host\":\"localhost\",\"ip\":\"::1\"}"}
2015-05-07T00:36:03+02:00 DEBUG (7): Array
(
    [localhost] => Array
        (
            [Request] => Zend\Uri\Http Object
                (
                    [validHostTypes:protected] => 19
                    [user:protected] => 
                    [password:protected] => 
                    [scheme:protected] => http
                    [userInfo:protected] => 
                    [host:protected] => localhost
                    [port:protected] => 
                    [path:protected] => /cursozf2/public/market/view/main/beauty
                    [query:protected] => 
                    [fragment:protected] => 
                )

            [Exception] => Array
                (
                    [Class] => Zend\Db\Adapter\Exception\RuntimeException
                    [Code] => 2002
                    [Message] => Connect Error: SQLSTATE[HY000] [2002] Nenhuma conexão pôde ser feita porque a máquina de destino as recusou ativamente.

                    [File] => C:\xampp\htdocs\CursoZF2\vendor\zendframework\zendframework\library\Zend\Db\Adapter\Driver\Pdo\Connection.php:331
                    [Trace] => #0 C:\xampp\htdocs\CursoZF2\vendor\zendframework\zendframework\library\Zend\Db\Adapter\Driver\Pdo\Pdo.php(249): Zend\Db\Adapter\Driver\Pdo\Connection->connect()
#1 C:\xampp\htdocs\CursoZF2\vendor\zendframework\zendframework\library\Zend\Db\Sql\Sql.php(120): Zend\Db\Adapter\Driver\Pdo\Pdo->createStatement()
#2 C:\xampp\htdocs\CursoZF2\vendor\zendframework\zendframework\library\Zend\Db\TableGateway\AbstractTableGateway.php(232): Zend\Db\Sql\Sql->prepareStatementForSqlObject(Object(Zend\Db\Sql\Select))
#3 C:\xampp\htdocs\CursoZF2\vendor\zendframework\zendframework\library\Zend\Db\TableGateway\AbstractTableGateway.php(208): Zend\Db\TableGateway\AbstractTableGateway->executeSelect(Object(Zend\Db\Sql\Select))
#4 C:\xampp\htdocs\CursoZF2\vendor\zendframework\zendframework\library\Zend\Db\TableGateway\AbstractTableGateway.php(195): Zend\Db\TableGateway\AbstractTableGateway->selectWith(Object(Zend\Db\Sql\Select))
#5 C:\xampp\htdocs\CursoZF2\module\Market\src\Market\Model\ListingsTable.php(27): Zend\Db\TableGateway\AbstractTableGateway->select(Array)
#6 C:\xampp\htdocs\CursoZF2\module\Market\src\Market\Controller\ViewController.php(30): Market\Model\ListingsTable->getListingsByCategory('beauty')
#7 C:\xampp\htdocs\CursoZF2\vendor\zendframework\zendframework\library\Zend\Mvc\Controller\AbstractActionController.php(83): Market\Controller\ViewController->indexAction()
#8 [internal function]: Zend\Mvc\Controller\AbstractActionController->onDispatch(Object(Zend\Mvc\MvcEvent))
#9 C:\xampp\htdocs\CursoZF2\vendor\zendframework\zendframework\library\Zend\EventManager\EventManager.php(468): call_user_func(Array, Object(Zend\Mvc\MvcEvent))
#10 C:\xampp\htdocs\CursoZF2\vendor\zendframework\zendframework\library\Zend\EventManager\EventManager.php(207): Zend\EventManager\EventManager->triggerListeners('dispatch', Object(Zend\Mvc\MvcEvent), Object(Closure))
#11 C:\xampp\htdocs\CursoZF2\vendor\zendframework\zendframework\library\Zend\Mvc\Controller\AbstractController.php(116): Zend\EventManager\EventManager->trigger('dispatch', Object(Zend\Mvc\MvcEvent), Object(Closure))
#12 C:\xampp\htdocs\CursoZF2\vendor\zendframework\zendframework\library\Zend\Mvc\DispatchListener.php(113): Zend\Mvc\Controller\AbstractController->dispatch(Object(Zend\Http\PhpEnvironment\Request), Object(Zend\Http\PhpEnvironment\Response))
#13 [internal function]: Zend\Mvc\DispatchListener->onDispatch(Object(Zend\Mvc\MvcEvent))
#14 C:\xampp\htdocs\CursoZF2\vendor\zendframework\zendframework\library\Zend\EventManager\EventManager.php(468): call_user_func(Array, Object(Zend\Mvc\MvcEvent))
#15 C:\xampp\htdocs\CursoZF2\vendor\zendframework\zendframework\library\Zend\EventManager\EventManager.php(207): Zend\EventManager\EventManager->triggerListeners('dispatch', Object(Zend\Mvc\MvcEvent), Object(Closure))
#16 C:\xampp\htdocs\CursoZF2\vendor\zendframework\zendframework\library\Zend\Mvc\Application.php(313): Zend\EventManager\EventManager->trigger('dispatch', Object(Zend\Mvc\MvcEvent), Object(Closure))
#17 C:\xampp\htdocs\CursoZF2\public\index.php(23): Zend\Mvc\Application->run()
#18 {main}
                    [Previous] => Array
                        (
                            [Class] => PDOException
                            [Code] => 2002
                            [Message] => SQLSTATE[HY000] [2002] Nenhuma conexão pôde ser feita porque a máquina de destino as recusou ativamente.

                            [File] => C:\xampp\htdocs\CursoZF2\vendor\zendframework\zendframework\library\Zend\Db\Adapter\Driver\Pdo\Connection.php:320
                        )

                )

        )

)
 {"Caprio\\Logger":"{\"sessionId\":\"\",\"host\":\"localhost\",\"ip\":\"::1\"}"}
2015-05-07T00:37:03+02:00 DEBUG (7): Array
(
    [localhost] => Array
        (
            [Request] => Zend\Uri\Http Object
                (
                    [validHostTypes:protected] => 19
                    [user:protected] => 
                    [password:protected] => 
                    [scheme:protected] => http
                    [userInfo:protected] => 
                    [host:protected] => localhost
                    [port:protected] => 
                    [path:protected] => /cursozf2/public/market/view/main/beauty
                    [query:protected] => 
                    [fragment:protected] => 
                )

            [Exception] => Array
                (
                    [Class] => Zend\Db\Adapter\Exception\RuntimeException
                    [Code] => 2002
                    [Message] => Connect Error: SQLSTATE[HY000] [2002] Nenhuma conexão pôde ser feita porque a máquina de destino as recusou ativamente.

                    [File] => C:\xampp\htdocs\CursoZF2\vendor\zendframework\zendframework\library\Zend\Db\Adapter\Driver\Pdo\Connection.php:331
                    [Trace] => #0 C:\xampp\htdocs\CursoZF2\vendor\zendframework\zendframework\library\Zend\Db\Adapter\Driver\Pdo\Pdo.php(249): Zend\Db\Adapter\Driver\Pdo\Connection->connect()
#1 C:\xampp\htdocs\CursoZF2\vendor\zendframework\zendframework\library\Zend\Db\Sql\Sql.php(120): Zend\Db\Adapter\Driver\Pdo\Pdo->createStatement()
#2 C:\xampp\htdocs\CursoZF2\vendor\zendframework\zendframework\library\Zend\Db\TableGateway\AbstractTableGateway.php(232): Zend\Db\Sql\Sql->prepareStatementForSqlObject(Object(Zend\Db\Sql\Select))
#3 C:\xampp\htdocs\CursoZF2\vendor\zendframework\zendframework\library\Zend\Db\TableGateway\AbstractTableGateway.php(208): Zend\Db\TableGateway\AbstractTableGateway->executeSelect(Object(Zend\Db\Sql\Select))
#4 C:\xampp\htdocs\CursoZF2\vendor\zendframework\zendframework\library\Zend\Db\TableGateway\AbstractTableGateway.php(195): Zend\Db\TableGateway\AbstractTableGateway->selectWith(Object(Zend\Db\Sql\Select))
#5 C:\xampp\htdocs\CursoZF2\module\Market\src\Market\Model\ListingsTable.php(27): Zend\Db\TableGateway\AbstractTableGateway->select(Array)
#6 C:\xampp\htdocs\CursoZF2\module\Market\src\Market\Controller\ViewController.php(30): Market\Model\ListingsTable->getListingsByCategory('beauty')
#7 C:\xampp\htdocs\CursoZF2\vendor\zendframework\zendframework\library\Zend\Mvc\Controller\AbstractActionController.php(83): Market\Controller\ViewController->indexAction()
#8 [internal function]: Zend\Mvc\Controller\AbstractActionController->onDispatch(Object(Zend\Mvc\MvcEvent))
#9 C:\xampp\htdocs\CursoZF2\vendor\zendframework\zendframework\library\Zend\EventManager\EventManager.php(468): call_user_func(Array, Object(Zend\Mvc\MvcEvent))
#10 C:\xampp\htdocs\CursoZF2\vendor\zendframework\zendframework\library\Zend\EventManager\EventManager.php(207): Zend\EventManager\EventManager->triggerListeners('dispatch', Object(Zend\Mvc\MvcEvent), Object(Closure))
#11 C:\xampp\htdocs\CursoZF2\vendor\zendframework\zendframework\library\Zend\Mvc\Controller\AbstractController.php(116): Zend\EventManager\EventManager->trigger('dispatch', Object(Zend\Mvc\MvcEvent), Object(Closure))
#12 C:\xampp\htdocs\CursoZF2\vendor\zendframework\zendframework\library\Zend\Mvc\DispatchListener.php(113): Zend\Mvc\Controller\AbstractController->dispatch(Object(Zend\Http\PhpEnvironment\Request), Object(Zend\Http\PhpEnvironment\Response))
#13 [internal function]: Zend\Mvc\DispatchListener->onDispatch(Object(Zend\Mvc\MvcEvent))
#14 C:\xampp\htdocs\CursoZF2\vendor\zendframework\zendframework\library\Zend\EventManager\EventManager.php(468): call_user_func(Array, Object(Zend\Mvc\MvcEvent))
#15 C:\xampp\htdocs\CursoZF2\vendor\zendframework\zendframework\library\Zend\EventManager\EventManager.php(207): Zend\EventManager\EventManager->triggerListeners('dispatch', Object(Zend\Mvc\MvcEvent), Object(Closure))
#16 C:\xampp\htdocs\CursoZF2\vendor\zendframework\zendframework\library\Zend\Mvc\Application.php(313): Zend\EventManager\EventManager->trigger('dispatch', Object(Zend\Mvc\MvcEvent), Object(Closure))
#17 C:\xampp\htdocs\CursoZF2\public\index.php(23): Zend\Mvc\Application->run()
#18 {main}
                    [Previous] => Array
                        (
                            [Class] => PDOException
                            [Code] => 2002
                            [Message] => SQLSTATE[HY000] [2002] Nenhuma conexão pôde ser feita porque a máquina de destino as recusou ativamente.

                            [File] => C:\xampp\htdocs\CursoZF2\vendor\zendframework\zendframework\library\Zend\Db\Adapter\Driver\Pdo\Connection.php:320
                            [Trace] => #0 C:\xampp\htdocs\CursoZF2\vendor\zendframework\zendframework\library\Zend\Db\Adapter\Driver\Pdo\Pdo.php(249): Zend\Db\Adapter\Driver\Pdo\Connection->connect()
#1 C:\xampp\htdocs\CursoZF2\vendor\zendframework\zendframework\library\Zend\Db\Sql\Sql.php(120): Zend\Db\Adapter\Driver\Pdo\Pdo->createStatement()
#2 C:\xampp\htdocs\CursoZF2\vendor\zendframework\zendframework\library\Zend\Db\TableGateway\AbstractTableGateway.php(232): Zend\Db\Sql\Sql->prepareStatementForSqlObject(Object(Zend\Db\Sql\Select))
#3 C:\xampp\htdocs\CursoZF2\vendor\zendframework\zendframework\library\Zend\Db\TableGateway\AbstractTableGateway.php(208): Zend\Db\TableGateway\AbstractTableGateway->executeSelect(Object(Zend\Db\Sql\Select))
#4 C:\xampp\htdocs\CursoZF2\vendor\zendframework\zendframework\library\Zend\Db\TableGateway\AbstractTableGateway.php(195): Zend\Db\TableGateway\AbstractTableGateway->selectWith(Object(Zend\Db\Sql\Select))
#5 C:\xampp\htdocs\CursoZF2\module\Market\src\Market\Model\ListingsTable.php(27): Zend\Db\TableGateway\AbstractTableGateway->select(Array)
#6 C:\xampp\htdocs\CursoZF2\module\Market\src\Market\Controller\ViewController.php(30): Market\Model\ListingsTable->getListingsByCategory('beauty')
#7 C:\xampp\htdocs\CursoZF2\vendor\zendframework\zendframework\library\Zend\Mvc\Controller\AbstractActionController.php(83): Market\Controller\ViewController->indexAction()
#8 [internal function]: Zend\Mvc\Controller\AbstractActionController->onDispatch(Object(Zend\Mvc\MvcEvent))
#9 C:\xampp\htdocs\CursoZF2\vendor\zendframework\zendframework\library\Zend\EventManager\EventManager.php(468): call_user_func(Array, Object(Zend\Mvc\MvcEvent))
#10 C:\xampp\htdocs\CursoZF2\vendor\zendframework\zendframework\library\Zend\EventManager\EventManager.php(207): Zend\EventManager\EventManager->triggerListeners('dispatch', Object(Zend\Mvc\MvcEvent), Object(Closure))
#11 C:\xampp\htdocs\CursoZF2\vendor\zendframework\zendframework\library\Zend\Mvc\Controller\AbstractController.php(116): Zend\EventManager\EventManager->trigger('dispatch', Object(Zend\Mvc\MvcEvent), Object(Closure))
#12 C:\xampp\htdocs\CursoZF2\vendor\zendframework\zendframework\library\Zend\Mvc\DispatchListener.php(113): Zend\Mvc\Controller\AbstractController->dispatch(Object(Zend\Http\PhpEnvironment\Request), Object(Zend\Http\PhpEnvironment\Response))
#13 [internal function]: Zend\Mvc\DispatchListener->onDispatch(Object(Zend\Mvc\MvcEvent))
#14 C:\xampp\htdocs\CursoZF2\vendor\zendframework\zendframework\library\Zend\EventManager\EventManager.php(468): call_user_func(Array, Object(Zend\Mvc\MvcEvent))
#15 C:\xampp\htdocs\CursoZF2\vendor\zendframework\zendframework\library\Zend\EventManager\EventManager.php(207): Zend\EventManager\EventManager->triggerListeners('dispatch', Object(Zend\Mvc\MvcEvent), Object(Closure))
#16 C:\xampp\htdocs\CursoZF2\vendor\zendframework\zendframework\library\Zend\Mvc\Application.php(313): Zend\EventManager\EventManager->trigger('dispatch', Object(Zend\Mvc\MvcEvent), Object(Closure))
#17 C:\xampp\htdocs\CursoZF2\public\index.php(23): Zend\Mvc\Application->run()
#18 {main}
                        )

                )

        )

)
 {"Caprio\\Logger":"{\"sessionId\":\"\",\"host\":\"localhost\",\"ip\":\"::1\"}"}
2015-05-07T00:38:02+02:00 DEBUG (7): Array<br />
(<br />
    [localhost] => Array<br />
        (<br />
            [Request] => Zend\Uri\Http Object<br />
                (<br />
                    [validHostTypes:protected] => 19<br />
                    [user:protected] => <br />
                    [password:protected] => <br />
                    [scheme:protected] => http<br />
                    [userInfo:protected] => <br />
                    [host:protected] => localhost<br />
                    [port:protected] => <br />
                    [path:protected] => /cursozf2/public/market/view/main/beauty<br />
                    [query:protected] => <br />
                    [fragment:protected] => <br />
                )<br />
<br />
            [Exception] => Array<br />
                (<br />
                    [Class] => Zend\Db\Adapter\Exception\RuntimeException<br />
                    [Code] => 2002<br />
                    [Message] => Connect Error: SQLSTATE[HY000] [2002] Nenhuma conexão pôde ser feita porque a máquina de destino as recusou ativamente.<br />
<br />
                    [File] => C:\xampp\htdocs\CursoZF2\vendor\zendframework\zendframework\library\Zend\Db\Adapter\Driver\Pdo\Connection.php:331<br />
                    [Trace] => #0 C:\xampp\htdocs\CursoZF2\vendor\zendframework\zendframework\library\Zend\Db\Adapter\Driver\Pdo\Pdo.php(249): Zend\Db\Adapter\Driver\Pdo\Connection->connect()<br />
#1 C:\xampp\htdocs\CursoZF2\vendor\zendframework\zendframework\library\Zend\Db\Sql\Sql.php(120): Zend\Db\Adapter\Driver\Pdo\Pdo->createStatement()<br />
#2 C:\xampp\htdocs\CursoZF2\vendor\zendframework\zendframework\library\Zend\Db\TableGateway\AbstractTableGateway.php(232): Zend\Db\Sql\Sql->prepareStatementForSqlObject(Object(Zend\Db\Sql\Select))<br />
#3 C:\xampp\htdocs\CursoZF2\vendor\zendframework\zendframework\library\Zend\Db\TableGateway\AbstractTableGateway.php(208): Zend\Db\TableGateway\AbstractTableGateway->executeSelect(Object(Zend\Db\Sql\Select))<br />
#4 C:\xampp\htdocs\CursoZF2\vendor\zendframework\zendframework\library\Zend\Db\TableGateway\AbstractTableGateway.php(195): Zend\Db\TableGateway\AbstractTableGateway->selectWith(Object(Zend\Db\Sql\Select))<br />
#5 C:\xampp\htdocs\CursoZF2\module\Market\src\Market\Model\ListingsTable.php(27): Zend\Db\TableGateway\AbstractTableGateway->select(Array)<br />
#6 C:\xampp\htdocs\CursoZF2\module\Market\src\Market\Controller\ViewController.php(30): Market\Model\ListingsTable->getListingsByCategory('beauty')<br />
#7 C:\xampp\htdocs\CursoZF2\vendor\zendframework\zendframework\library\Zend\Mvc\Controller\AbstractActionController.php(83): Market\Controller\ViewController->indexAction()<br />
#8 [internal function]: Zend\Mvc\Controller\AbstractActionController->onDispatch(Object(Zend\Mvc\MvcEvent))<br />
#9 C:\xampp\htdocs\CursoZF2\vendor\zendframework\zendframework\library\Zend\EventManager\EventManager.php(468): call_user_func(Array, Object(Zend\Mvc\MvcEvent))<br />
#10 C:\xampp\htdocs\CursoZF2\vendor\zendframework\zendframework\library\Zend\EventManager\EventManager.php(207): Zend\EventManager\EventManager->triggerListeners('dispatch', Object(Zend\Mvc\MvcEvent), Object(Closure))<br />
#11 C:\xampp\htdocs\CursoZF2\vendor\zendframework\zendframework\library\Zend\Mvc\Controller\AbstractController.php(116): Zend\EventManager\EventManager->trigger('dispatch', Object(Zend\Mvc\MvcEvent), Object(Closure))<br />
#12 C:\xampp\htdocs\CursoZF2\vendor\zendframework\zendframework\library\Zend\Mvc\DispatchListener.php(113): Zend\Mvc\Controller\AbstractController->dispatch(Object(Zend\Http\PhpEnvironment\Request), Object(Zend\Http\PhpEnvironment\Response))<br />
#13 [internal function]: Zend\Mvc\DispatchListener->onDispatch(Object(Zend\Mvc\MvcEvent))<br />
#14 C:\xampp\htdocs\CursoZF2\vendor\zendframework\zendframework\library\Zend\EventManager\EventManager.php(468): call_user_func(Array, Object(Zend\Mvc\MvcEvent))<br />
#15 C:\xampp\htdocs\CursoZF2\vendor\zendframework\zendframework\library\Zend\EventManager\EventManager.php(207): Zend\EventManager\EventManager->triggerListeners('dispatch', Object(Zend\Mvc\MvcEvent), Object(Closure))<br />
#16 C:\xampp\htdocs\CursoZF2\vendor\zendframework\zendframework\library\Zend\Mvc\Application.php(313): Zend\EventManager\EventManager->trigger('dispatch', Object(Zend\Mvc\MvcEvent), Object(Closure))<br />
#17 C:\xampp\htdocs\CursoZF2\public\index.php(23): Zend\Mvc\Application->run()<br />
#18 {main}<br />
                    [Previous] => Array<br />
                        (<br />
                            [Class] => PDOException<br />
                            [Code] => 2002<br />
                            [Message] => SQLSTATE[HY000] [2002] Nenhuma conexão pôde ser feita porque a máquina de destino as recusou ativamente.<br />
<br />
                            [File] => C:\xampp\htdocs\CursoZF2\vendor\zendframework\zendframework\library\Zend\Db\Adapter\Driver\Pdo\Connection.php:320<br />
                            [Trace] => #0 C:\xampp\htdocs\CursoZF2\vendor\zendframework\zendframework\library\Zend\Db\Adapter\Driver\Pdo\Pdo.php(249): Zend\Db\Adapter\Driver\Pdo\Connection->connect()<br />
#1 C:\xampp\htdocs\CursoZF2\vendor\zendframework\zendframework\library\Zend\Db\Sql\Sql.php(120): Zend\Db\Adapter\Driver\Pdo\Pdo->createStatement()<br />
#2 C:\xampp\htdocs\CursoZF2\vendor\zendframework\zendframework\library\Zend\Db\TableGateway\AbstractTableGateway.php(232): Zend\Db\Sql\Sql->prepareStatementForSqlObject(Object(Zend\Db\Sql\Select))<br />
#3 C:\xampp\htdocs\CursoZF2\vendor\zendframework\zendframework\library\Zend\Db\TableGateway\AbstractTableGateway.php(208): Zend\Db\TableGateway\AbstractTableGateway->executeSelect(Object(Zend\Db\Sql\Select))<br />
#4 C:\xampp\htdocs\CursoZF2\vendor\zendframework\zendframework\library\Zend\Db\TableGateway\AbstractTableGateway.php(195): Zend\Db\TableGateway\AbstractTableGateway->selectWith(Object(Zend\Db\Sql\Select))<br />
#5 C:\xampp\htdocs\CursoZF2\module\Market\src\Market\Model\ListingsTable.php(27): Zend\Db\TableGateway\AbstractTableGateway->select(Array)<br />
#6 C:\xampp\htdocs\CursoZF2\module\Market\src\Market\Controller\ViewController.php(30): Market\Model\ListingsTable->getListingsByCategory('beauty')<br />
#7 C:\xampp\htdocs\CursoZF2\vendor\zendframework\zendframework\library\Zend\Mvc\Controller\AbstractActionController.php(83): Market\Controller\ViewController->indexAction()<br />
#8 [internal function]: Zend\Mvc\Controller\AbstractActionController->onDispatch(Object(Zend\Mvc\MvcEvent))<br />
#9 C:\xampp\htdocs\CursoZF2\vendor\zendframework\zendframework\library\Zend\EventManager\EventManager.php(468): call_user_func(Array, Object(Zend\Mvc\MvcEvent))<br />
#10 C:\xampp\htdocs\CursoZF2\vendor\zendframework\zendframework\library\Zend\EventManager\EventManager.php(207): Zend\EventManager\EventManager->triggerListeners('dispatch', Object(Zend\Mvc\MvcEvent), Object(Closure))<br />
#11 C:\xampp\htdocs\CursoZF2\vendor\zendframework\zendframework\library\Zend\Mvc\Controller\AbstractController.php(116): Zend\EventManager\EventManager->trigger('dispatch', Object(Zend\Mvc\MvcEvent), Object(Closure))<br />
#12 C:\xampp\htdocs\CursoZF2\vendor\zendframework\zendframework\library\Zend\Mvc\DispatchListener.php(113): Zend\Mvc\Controller\AbstractController->dispatch(Object(Zend\Http\PhpEnvironment\Request), Object(Zend\Http\PhpEnvironment\Response))<br />
#13 [internal function]: Zend\Mvc\DispatchListener->onDispatch(Object(Zend\Mvc\MvcEvent))<br />
#14 C:\xampp\htdocs\CursoZF2\vendor\zendframework\zendframework\library\Zend\EventManager\EventManager.php(468): call_user_func(Array, Object(Zend\Mvc\MvcEvent))<br />
#15 C:\xampp\htdocs\CursoZF2\vendor\zendframework\zendframework\library\Zend\EventManager\EventManager.php(207): Zend\EventManager\EventManager->triggerListeners('dispatch', Object(Zend\Mvc\MvcEvent), Object(Closure))<br />
#16 C:\xampp\htdocs\CursoZF2\vendor\zendframework\zendframework\library\Zend\Mvc\Application.php(313): Zend\EventManager\EventManager->trigger('dispatch', Object(Zend\Mvc\MvcEvent), Object(Closure))<br />
#17 C:\xampp\htdocs\CursoZF2\public\index.php(23): Zend\Mvc\Application->run()<br />
#18 {main}<br />
                        )<br />
<br />
                )<br />
<br />
        )<br />
<br />
)<br />
 {"Caprio\\Logger":"{\"sessionId\":\"\",\"host\":\"localhost\",\"ip\":\"::1\"}"}
2015-05-07T00:38:35+02:00 WARN (4): nl2br() expects parameter 1 to be string, array given {"errno":2,"file":"C:\\xampp\\htdocs\\CursoZF2\\module\\Logger\\src\\Logger\\Event\\ExceptionEvent.php","line":102,"Caprio\\Logger":"{\"sessionId\":\"\",\"host\":\"localhost\",\"ip\":\"::1\"}"}
2015-05-07T00:38:35+02:00 DEBUG (7): 1 {"Caprio\\Logger":"{\"sessionId\":\"\",\"host\":\"localhost\",\"ip\":\"::1\"}"}
2015-05-07T00:39:27+02:00 DEBUG (7): -----------------------------------------------------------------------------
Array
(
    [localhost] => Array
        (
            [Request] => Zend\Uri\Http Object
                (
                    [validHostTypes:protected] => 19
                    [user:protected] => 
                    [password:protected] => 
                    [scheme:protected] => http
                    [userInfo:protected] => 
                    [host:protected] => localhost
                    [port:protected] => 
                    [path:protected] => /cursozf2/public/market/view/main/beauty
                    [query:protected] => 
                    [fragment:protected] => 
                )

            [Exception] => Array
                (
                    [Class] => Zend\Db\Adapter\Exception\RuntimeException
                    [Code] => 2002
                    [Message] => Connect Error: SQLSTATE[HY000] [2002] Nenhuma conexão pôde ser feita porque a máquina de destino as recusou ativamente.

                    [File] => C:\xampp\htdocs\CursoZF2\vendor\zendframework\zendframework\library\Zend\Db\Adapter\Driver\Pdo\Connection.php:331
                    [Trace] => #0 C:\xampp\htdocs\CursoZF2\vendor\zendframework\zendframework\library\Zend\Db\Adapter\Driver\Pdo\Pdo.php(249): Zend\Db\Adapter\Driver\Pdo\Connection->connect()
#1 C:\xampp\htdocs\CursoZF2\vendor\zendframework\zendframework\library\Zend\Db\Sql\Sql.php(120): Zend\Db\Adapter\Driver\Pdo\Pdo->createStatement()
#2 C:\xampp\htdocs\CursoZF2\vendor\zendframework\zendframework\library\Zend\Db\TableGateway\AbstractTableGateway.php(232): Zend\Db\Sql\Sql->prepareStatementForSqlObject(Object(Zend\Db\Sql\Select))
#3 C:\xampp\htdocs\CursoZF2\vendor\zendframework\zendframework\library\Zend\Db\TableGateway\AbstractTableGateway.php(208): Zend\Db\TableGateway\AbstractTableGateway->executeSelect(Object(Zend\Db\Sql\Select))
#4 C:\xampp\htdocs\CursoZF2\vendor\zendframework\zendframework\library\Zend\Db\TableGateway\AbstractTableGateway.php(195): Zend\Db\TableGateway\AbstractTableGateway->selectWith(Object(Zend\Db\Sql\Select))
#5 C:\xampp\htdocs\CursoZF2\module\Market\src\Market\Model\ListingsTable.php(27): Zend\Db\TableGateway\AbstractTableGateway->select(Array)
#6 C:\xampp\htdocs\CursoZF2\module\Market\src\Market\Controller\ViewController.php(30): Market\Model\ListingsTable->getListingsByCategory('beauty')
#7 C:\xampp\htdocs\CursoZF2\vendor\zendframework\zendframework\library\Zend\Mvc\Controller\AbstractActionController.php(83): Market\Controller\ViewController->indexAction()
#8 [internal function]: Zend\Mvc\Controller\AbstractActionController->onDispatch(Object(Zend\Mvc\MvcEvent))
#9 C:\xampp\htdocs\CursoZF2\vendor\zendframework\zendframework\library\Zend\EventManager\EventManager.php(468): call_user_func(Array, Object(Zend\Mvc\MvcEvent))
#10 C:\xampp\htdocs\CursoZF2\vendor\zendframework\zendframework\library\Zend\EventManager\EventManager.php(207): Zend\EventManager\EventManager->triggerListeners('dispatch', Object(Zend\Mvc\MvcEvent), Object(Closure))
#11 C:\xampp\htdocs\CursoZF2\vendor\zendframework\zendframework\library\Zend\Mvc\Controller\AbstractController.php(116): Zend\EventManager\EventManager->trigger('dispatch', Object(Zend\Mvc\MvcEvent), Object(Closure))
#12 C:\xampp\htdocs\CursoZF2\vendor\zendframework\zendframework\library\Zend\Mvc\DispatchListener.php(113): Zend\Mvc\Controller\AbstractController->dispatch(Object(Zend\Http\PhpEnvironment\Request), Object(Zend\Http\PhpEnvironment\Response))
#13 [internal function]: Zend\Mvc\DispatchListener->onDispatch(Object(Zend\Mvc\MvcEvent))
#14 C:\xampp\htdocs\CursoZF2\vendor\zendframework\zendframework\library\Zend\EventManager\EventManager.php(468): call_user_func(Array, Object(Zend\Mvc\MvcEvent))
#15 C:\xampp\htdocs\CursoZF2\vendor\zendframework\zendframework\library\Zend\EventManager\EventManager.php(207): Zend\EventManager\EventManager->triggerListeners('dispatch', Object(Zend\Mvc\MvcEvent), Object(Closure))
#16 C:\xampp\htdocs\CursoZF2\vendor\zendframework\zendframework\library\Zend\Mvc\Application.php(313): Zend\EventManager\EventManager->trigger('dispatch', Object(Zend\Mvc\MvcEvent), Object(Closure))
#17 C:\xampp\htdocs\CursoZF2\public\index.php(23): Zend\Mvc\Application->run()
#18 {main}
                    [Previous] => Array
                        (
                            [Class] => PDOException
                            [Code] => 2002
                            [Message] => SQLSTATE[HY000] [2002] Nenhuma conexão pôde ser feita porque a máquina de destino as recusou ativamente.

                            [File] => C:\xampp\htdocs\CursoZF2\vendor\zendframework\zendframework\library\Zend\Db\Adapter\Driver\Pdo\Connection.php:320
                            [Trace] => #0 C:\xampp\htdocs\CursoZF2\vendor\zendframework\zendframework\library\Zend\Db\Adapter\Driver\Pdo\Pdo.php(249): Zend\Db\Adapter\Driver\Pdo\Connection->connect()
#1 C:\xampp\htdocs\CursoZF2\vendor\zendframework\zendframework\library\Zend\Db\Sql\Sql.php(120): Zend\Db\Adapter\Driver\Pdo\Pdo->createStatement()
#2 C:\xampp\htdocs\CursoZF2\vendor\zendframework\zendframework\library\Zend\Db\TableGateway\AbstractTableGateway.php(232): Zend\Db\Sql\Sql->prepareStatementForSqlObject(Object(Zend\Db\Sql\Select))
#3 C:\xampp\htdocs\CursoZF2\vendor\zendframework\zendframework\library\Zend\Db\TableGateway\AbstractTableGateway.php(208): Zend\Db\TableGateway\AbstractTableGateway->executeSelect(Object(Zend\Db\Sql\Select))
#4 C:\xampp\htdocs\CursoZF2\vendor\zendframework\zendframework\library\Zend\Db\TableGateway\AbstractTableGateway.php(195): Zend\Db\TableGateway\AbstractTableGateway->selectWith(Object(Zend\Db\Sql\Select))
#5 C:\xampp\htdocs\CursoZF2\module\Market\src\Market\Model\ListingsTable.php(27): Zend\Db\TableGateway\AbstractTableGateway->select(Array)
#6 C:\xampp\htdocs\CursoZF2\module\Market\src\Market\Controller\ViewController.php(30): Market\Model\ListingsTable->getListingsByCategory('beauty')
#7 C:\xampp\htdocs\CursoZF2\vendor\zendframework\zendframework\library\Zend\Mvc\Controller\AbstractActionController.php(83): Market\Controller\ViewController->indexAction()
#8 [internal function]: Zend\Mvc\Controller\AbstractActionController->onDispatch(Object(Zend\Mvc\MvcEvent))
#9 C:\xampp\htdocs\CursoZF2\vendor\zendframework\zendframework\library\Zend\EventManager\EventManager.php(468): call_user_func(Array, Object(Zend\Mvc\MvcEvent))
#10 C:\xampp\htdocs\CursoZF2\vendor\zendframework\zendframework\library\Zend\EventManager\EventManager.php(207): Zend\EventManager\EventManager->triggerListeners('dispatch', Object(Zend\Mvc\MvcEvent), Object(Closure))
#11 C:\xampp\htdocs\CursoZF2\vendor\zendframework\zendframework\library\Zend\Mvc\Controller\AbstractController.php(116): Zend\EventManager\EventManager->trigger('dispatch', Object(Zend\Mvc\MvcEvent), Object(Closure))
#12 C:\xampp\htdocs\CursoZF2\vendor\zendframework\zendframework\library\Zend\Mvc\DispatchListener.php(113): Zend\Mvc\Controller\AbstractController->dispatch(Object(Zend\Http\PhpEnvironment\Request), Object(Zend\Http\PhpEnvironment\Response))
#13 [internal function]: Zend\Mvc\DispatchListener->onDispatch(Object(Zend\Mvc\MvcEvent))
#14 C:\xampp\htdocs\CursoZF2\vendor\zendframework\zendframework\library\Zend\EventManager\EventManager.php(468): call_user_func(Array, Object(Zend\Mvc\MvcEvent))
#15 C:\xampp\htdocs\CursoZF2\vendor\zendframework\zendframework\library\Zend\EventManager\EventManager.php(207): Zend\EventManager\EventManager->triggerListeners('dispatch', Object(Zend\Mvc\MvcEvent), Object(Closure))
#16 C:\xampp\htdocs\CursoZF2\vendor\zendframework\zendframework\library\Zend\Mvc\Application.php(313): Zend\EventManager\EventManager->trigger('dispatch', Object(Zend\Mvc\MvcEvent), Object(Closure))
#17 C:\xampp\htdocs\CursoZF2\public\index.php(23): Zend\Mvc\Application->run()
#18 {main}
                        )

                )

        )

)
 {"Caprio\\Logger":"{\"sessionId\":\"\",\"host\":\"localhost\",\"ip\":\"::1\"}"}
2015-05-07T00:40:20+02:00 DEBUG (7): -----------------------------------------------------------------------------
Array
(
    [localhost] => Array
        (
            [Request] => Zend\Uri\Http Object
                (
                    [validHostTypes:protected] => 19
                    [user:protected] => 
                    [password:protected] => 
                    [scheme:protected] => http
                    [userInfo:protected] => 
                    [host:protected] => localhost
                    [port:protected] => 
                    [path:protected] => /cursozf2/public/market/view/main/beauty
                    [query:protected] => 
                    [fragment:protected] => 
                )

            [Exception] => Array
                (
                    [Class] => Zend\Db\Adapter\Exception\RuntimeException
                    [Code] => 2002
                    [Message] => Connect Error: SQLSTATE[HY000] [2002] Nenhuma conexão pôde ser feita porque a máquina de destino as recusou ativamente.

                    [File] => C:\xampp\htdocs\CursoZF2\vendor\zendframework\zendframework\library\Zend\Db\Adapter\Driver\Pdo\Connection.php:331
                    [Trace] => #0 C:\xampp\htdocs\CursoZF2\vendor\zendframework\zendframework\library\Zend\Db\Adapter\Driver\Pdo\Pdo.php(249): Zend\Db\Adapter\Driver\Pdo\Connection->connect()
#1 C:\xampp\htdocs\CursoZF2\vendor\zendframework\zendframework\library\Zend\Db\Sql\Sql.php(120): Zend\Db\Adapter\Driver\Pdo\Pdo->createStatement()
#2 C:\xampp\htdocs\CursoZF2\vendor\zendframework\zendframework\library\Zend\Db\TableGateway\AbstractTableGateway.php(232): Zend\Db\Sql\Sql->prepareStatementForSqlObject(Object(Zend\Db\Sql\Select))
#3 C:\xampp\htdocs\CursoZF2\vendor\zendframework\zendframework\library\Zend\Db\TableGateway\AbstractTableGateway.php(208): Zend\Db\TableGateway\AbstractTableGateway->executeSelect(Object(Zend\Db\Sql\Select))
#4 C:\xampp\htdocs\CursoZF2\vendor\zendframework\zendframework\library\Zend\Db\TableGateway\AbstractTableGateway.php(195): Zend\Db\TableGateway\AbstractTableGateway->selectWith(Object(Zend\Db\Sql\Select))
#5 C:\xampp\htdocs\CursoZF2\module\Market\src\Market\Model\ListingsTable.php(27): Zend\Db\TableGateway\AbstractTableGateway->select(Array)
#6 C:\xampp\htdocs\CursoZF2\module\Market\src\Market\Controller\ViewController.php(30): Market\Model\ListingsTable->getListingsByCategory('beauty')
#7 C:\xampp\htdocs\CursoZF2\vendor\zendframework\zendframework\library\Zend\Mvc\Controller\AbstractActionController.php(83): Market\Controller\ViewController->indexAction()
#8 [internal function]: Zend\Mvc\Controller\AbstractActionController->onDispatch(Object(Zend\Mvc\MvcEvent))
#9 C:\xampp\htdocs\CursoZF2\vendor\zendframework\zendframework\library\Zend\EventManager\EventManager.php(468): call_user_func(Array, Object(Zend\Mvc\MvcEvent))
#10 C:\xampp\htdocs\CursoZF2\vendor\zendframework\zendframework\library\Zend\EventManager\EventManager.php(207): Zend\EventManager\EventManager->triggerListeners('dispatch', Object(Zend\Mvc\MvcEvent), Object(Closure))
#11 C:\xampp\htdocs\CursoZF2\vendor\zendframework\zendframework\library\Zend\Mvc\Controller\AbstractController.php(116): Zend\EventManager\EventManager->trigger('dispatch', Object(Zend\Mvc\MvcEvent), Object(Closure))
#12 C:\xampp\htdocs\CursoZF2\vendor\zendframework\zendframework\library\Zend\Mvc\DispatchListener.php(113): Zend\Mvc\Controller\AbstractController->dispatch(Object(Zend\Http\PhpEnvironment\Request), Object(Zend\Http\PhpEnvironment\Response))
#13 [internal function]: Zend\Mvc\DispatchListener->onDispatch(Object(Zend\Mvc\MvcEvent))
#14 C:\xampp\htdocs\CursoZF2\vendor\zendframework\zendframework\library\Zend\EventManager\EventManager.php(468): call_user_func(Array, Object(Zend\Mvc\MvcEvent))
#15 C:\xampp\htdocs\CursoZF2\vendor\zendframework\zendframework\library\Zend\EventManager\EventManager.php(207): Zend\EventManager\EventManager->triggerListeners('dispatch', Object(Zend\Mvc\MvcEvent), Object(Closure))
#16 C:\xampp\htdocs\CursoZF2\vendor\zendframework\zendframework\library\Zend\Mvc\Application.php(313): Zend\EventManager\EventManager->trigger('dispatch', Object(Zend\Mvc\MvcEvent), Object(Closure))
#17 C:\xampp\htdocs\CursoZF2\public\index.php(23): Zend\Mvc\Application->run()
#18 {main}
                    [Previous] => Array
                        (
                            [Class] => PDOException
                            [Code] => 2002
                            [Message] => SQLSTATE[HY000] [2002] Nenhuma conexão pôde ser feita porque a máquina de destino as recusou ativamente.

                            [File] => C:\xampp\htdocs\CursoZF2\vendor\zendframework\zendframework\library\Zend\Db\Adapter\Driver\Pdo\Connection.php:320
                            [Trace] => #0 C:\xampp\htdocs\CursoZF2\vendor\zendframework\zendframework\library\Zend\Db\Adapter\Driver\Pdo\Pdo.php(249): Zend\Db\Adapter\Driver\Pdo\Connection->connect()
#1 C:\xampp\htdocs\CursoZF2\vendor\zendframework\zendframework\library\Zend\Db\Sql\Sql.php(120): Zend\Db\Adapter\Driver\Pdo\Pdo->createStatement()
#2 C:\xampp\htdocs\CursoZF2\vendor\zendframework\zendframework\library\Zend\Db\TableGateway\AbstractTableGateway.php(232): Zend\Db\Sql\Sql->prepareStatementForSqlObject(Object(Zend\Db\Sql\Select))
#3 C:\xampp\htdocs\CursoZF2\vendor\zendframework\zendframework\library\Zend\Db\TableGateway\AbstractTableGateway.php(208): Zend\Db\TableGateway\AbstractTableGateway->executeSelect(Object(Zend\Db\Sql\Select))
#4 C:\xampp\htdocs\CursoZF2\vendor\zendframework\zendframework\library\Zend\Db\TableGateway\AbstractTableGateway.php(195): Zend\Db\TableGateway\AbstractTableGateway->selectWith(Object(Zend\Db\Sql\Select))
#5 C:\xampp\htdocs\CursoZF2\module\Market\src\Market\Model\ListingsTable.php(27): Zend\Db\TableGateway\AbstractTableGateway->select(Array)
#6 C:\xampp\htdocs\CursoZF2\module\Market\src\Market\Controller\ViewController.php(30): Market\Model\ListingsTable->getListingsByCategory('beauty')
#7 C:\xampp\htdocs\CursoZF2\vendor\zendframework\zendframework\library\Zend\Mvc\Controller\AbstractActionController.php(83): Market\Controller\ViewController->indexAction()
#8 [internal function]: Zend\Mvc\Controller\AbstractActionController->onDispatch(Object(Zend\Mvc\MvcEvent))
#9 C:\xampp\htdocs\CursoZF2\vendor\zendframework\zendframework\library\Zend\EventManager\EventManager.php(468): call_user_func(Array, Object(Zend\Mvc\MvcEvent))
#10 C:\xampp\htdocs\CursoZF2\vendor\zendframework\zendframework\library\Zend\EventManager\EventManager.php(207): Zend\EventManager\EventManager->triggerListeners('dispatch', Object(Zend\Mvc\MvcEvent), Object(Closure))
#11 C:\xampp\htdocs\CursoZF2\vendor\zendframework\zendframework\library\Zend\Mvc\Controller\AbstractController.php(116): Zend\EventManager\EventManager->trigger('dispatch', Object(Zend\Mvc\MvcEvent), Object(Closure))
#12 C:\xampp\htdocs\CursoZF2\vendor\zendframework\zendframework\library\Zend\Mvc\DispatchListener.php(113): Zend\Mvc\Controller\AbstractController->dispatch(Object(Zend\Http\PhpEnvironment\Request), Object(Zend\Http\PhpEnvironment\Response))
#13 [internal function]: Zend\Mvc\DispatchListener->onDispatch(Object(Zend\Mvc\MvcEvent))
#14 C:\xampp\htdocs\CursoZF2\vendor\zendframework\zendframework\library\Zend\EventManager\EventManager.php(468): call_user_func(Array, Object(Zend\Mvc\MvcEvent))
#15 C:\xampp\htdocs\CursoZF2\vendor\zendframework\zendframework\library\Zend\EventManager\EventManager.php(207): Zend\EventManager\EventManager->triggerListeners('dispatch', Object(Zend\Mvc\MvcEvent), Object(Closure))
#16 C:\xampp\htdocs\CursoZF2\vendor\zendframework\zendframework\library\Zend\Mvc\Application.php(313): Zend\EventManager\EventManager->trigger('dispatch', Object(Zend\Mvc\MvcEvent), Object(Closure))
#17 C:\xampp\htdocs\CursoZF2\public\index.php(23): Zend\Mvc\Application->run()
#18 {main}
                        )

                )

        )

)
 {"Caprio\\Logger":"{\"sessionId\":\"\",\"host\":\"localhost\",\"ip\":\"::1\"}"}
2015-05-07T00:41:06+02:00 DEBUG (7): Array
(
    [localhost] => Array
        (
            [Request] => Zend\Uri\Http Object
                (
                    [validHostTypes:protected] => 19
                    [user:protected] => 
                    [password:protected] => 
                    [scheme:protected] => http
                    [userInfo:protected] => 
                    [host:protected] => localhost
                    [port:protected] => 
                    [path:protected] => /cursozf2/public/market/view/main/beauty
                    [query:protected] => 
                    [fragment:protected] => 
                )

            [Exception] => Array
                (
                    [Class] => Zend\Db\Adapter\Exception\RuntimeException
                    [Code] => 2002
                    [Message] => Connect Error: SQLSTATE[HY000] [2002] Nenhuma conexão pôde ser feita porque a máquina de destino as recusou ativamente.

                    [File] => C:\xampp\htdocs\CursoZF2\vendor\zendframework\zendframework\library\Zend\Db\Adapter\Driver\Pdo\Connection.php:331
                    [Trace] => #0 C:\xampp\htdocs\CursoZF2\vendor\zendframework\zendframework\library\Zend\Db\Adapter\Driver\Pdo\Pdo.php(249): Zend\Db\Adapter\Driver\Pdo\Connection->connect()
#1 C:\xampp\htdocs\CursoZF2\vendor\zendframework\zendframework\library\Zend\Db\Sql\Sql.php(120): Zend\Db\Adapter\Driver\Pdo\Pdo->createStatement()
#2 C:\xampp\htdocs\CursoZF2\vendor\zendframework\zendframework\library\Zend\Db\TableGateway\AbstractTableGateway.php(232): Zend\Db\Sql\Sql->prepareStatementForSqlObject(Object(Zend\Db\Sql\Select))
#3 C:\xampp\htdocs\CursoZF2\vendor\zendframework\zendframework\library\Zend\Db\TableGateway\AbstractTableGateway.php(208): Zend\Db\TableGateway\AbstractTableGateway->executeSelect(Object(Zend\Db\Sql\Select))
#4 C:\xampp\htdocs\CursoZF2\vendor\zendframework\zendframework\library\Zend\Db\TableGateway\AbstractTableGateway.php(195): Zend\Db\TableGateway\AbstractTableGateway->selectWith(Object(Zend\Db\Sql\Select))
#5 C:\xampp\htdocs\CursoZF2\module\Market\src\Market\Model\ListingsTable.php(27): Zend\Db\TableGateway\AbstractTableGateway->select(Array)
#6 C:\xampp\htdocs\CursoZF2\module\Market\src\Market\Controller\ViewController.php(30): Market\Model\ListingsTable->getListingsByCategory('beauty')
#7 C:\xampp\htdocs\CursoZF2\vendor\zendframework\zendframework\library\Zend\Mvc\Controller\AbstractActionController.php(83): Market\Controller\ViewController->indexAction()
#8 [internal function]: Zend\Mvc\Controller\AbstractActionController->onDispatch(Object(Zend\Mvc\MvcEvent))
#9 C:\xampp\htdocs\CursoZF2\vendor\zendframework\zendframework\library\Zend\EventManager\EventManager.php(468): call_user_func(Array, Object(Zend\Mvc\MvcEvent))
#10 C:\xampp\htdocs\CursoZF2\vendor\zendframework\zendframework\library\Zend\EventManager\EventManager.php(207): Zend\EventManager\EventManager->triggerListeners('dispatch', Object(Zend\Mvc\MvcEvent), Object(Closure))
#11 C:\xampp\htdocs\CursoZF2\vendor\zendframework\zendframework\library\Zend\Mvc\Controller\AbstractController.php(116): Zend\EventManager\EventManager->trigger('dispatch', Object(Zend\Mvc\MvcEvent), Object(Closure))
#12 C:\xampp\htdocs\CursoZF2\vendor\zendframework\zendframework\library\Zend\Mvc\DispatchListener.php(113): Zend\Mvc\Controller\AbstractController->dispatch(Object(Zend\Http\PhpEnvironment\Request), Object(Zend\Http\PhpEnvironment\Response))
#13 [internal function]: Zend\Mvc\DispatchListener->onDispatch(Object(Zend\Mvc\MvcEvent))
#14 C:\xampp\htdocs\CursoZF2\vendor\zendframework\zendframework\library\Zend\EventManager\EventManager.php(468): call_user_func(Array, Object(Zend\Mvc\MvcEvent))
#15 C:\xampp\htdocs\CursoZF2\vendor\zendframework\zendframework\library\Zend\EventManager\EventManager.php(207): Zend\EventManager\EventManager->triggerListeners('dispatch', Object(Zend\Mvc\MvcEvent), Object(Closure))
#16 C:\xampp\htdocs\CursoZF2\vendor\zendframework\zendframework\library\Zend\Mvc\Application.php(313): Zend\EventManager\EventManager->trigger('dispatch', Object(Zend\Mvc\MvcEvent), Object(Closure))
#17 C:\xampp\htdocs\CursoZF2\public\index.php(23): Zend\Mvc\Application->run()
#18 {main}
                    [Previous] => Array
                        (
                            [Class] => PDOException
                            [Code] => 2002
                            [Message] => SQLSTATE[HY000] [2002] Nenhuma conexão pôde ser feita porque a máquina de destino as recusou ativamente.

                            [File] => C:\xampp\htdocs\CursoZF2\vendor\zendframework\zendframework\library\Zend\Db\Adapter\Driver\Pdo\Connection.php:320
                            [Trace] => #0 C:\xampp\htdocs\CursoZF2\vendor\zendframework\zendframework\library\Zend\Db\Adapter\Driver\Pdo\Pdo.php(249): Zend\Db\Adapter\Driver\Pdo\Connection->connect()
#1 C:\xampp\htdocs\CursoZF2\vendor\zendframework\zendframework\library\Zend\Db\Sql\Sql.php(120): Zend\Db\Adapter\Driver\Pdo\Pdo->createStatement()
#2 C:\xampp\htdocs\CursoZF2\vendor\zendframework\zendframework\library\Zend\Db\TableGateway\AbstractTableGateway.php(232): Zend\Db\Sql\Sql->prepareStatementForSqlObject(Object(Zend\Db\Sql\Select))
#3 C:\xampp\htdocs\CursoZF2\vendor\zendframework\zendframework\library\Zend\Db\TableGateway\AbstractTableGateway.php(208): Zend\Db\TableGateway\AbstractTableGateway->executeSelect(Object(Zend\Db\Sql\Select))
#4 C:\xampp\htdocs\CursoZF2\vendor\zendframework\zendframework\library\Zend\Db\TableGateway\AbstractTableGateway.php(195): Zend\Db\TableGateway\AbstractTableGateway->selectWith(Object(Zend\Db\Sql\Select))
#5 C:\xampp\htdocs\CursoZF2\module\Market\src\Market\Model\ListingsTable.php(27): Zend\Db\TableGateway\AbstractTableGateway->select(Array)
#6 C:\xampp\htdocs\CursoZF2\module\Market\src\Market\Controller\ViewController.php(30): Market\Model\ListingsTable->getListingsByCategory('beauty')
#7 C:\xampp\htdocs\CursoZF2\vendor\zendframework\zendframework\library\Zend\Mvc\Controller\AbstractActionController.php(83): Market\Controller\ViewController->indexAction()
#8 [internal function]: Zend\Mvc\Controller\AbstractActionController->onDispatch(Object(Zend\Mvc\MvcEvent))
#9 C:\xampp\htdocs\CursoZF2\vendor\zendframework\zendframework\library\Zend\EventManager\EventManager.php(468): call_user_func(Array, Object(Zend\Mvc\MvcEvent))
#10 C:\xampp\htdocs\CursoZF2\vendor\zendframework\zendframework\library\Zend\EventManager\EventManager.php(207): Zend\EventManager\EventManager->triggerListeners('dispatch', Object(Zend\Mvc\MvcEvent), Object(Closure))
#11 C:\xampp\htdocs\CursoZF2\vendor\zendframework\zendframework\library\Zend\Mvc\Controller\AbstractController.php(116): Zend\EventManager\EventManager->trigger('dispatch', Object(Zend\Mvc\MvcEvent), Object(Closure))
#12 C:\xampp\htdocs\CursoZF2\vendor\zendframework\zendframework\library\Zend\Mvc\DispatchListener.php(113): Zend\Mvc\Controller\AbstractController->dispatch(Object(Zend\Http\PhpEnvironment\Request), Object(Zend\Http\PhpEnvironment\Response))
#13 [internal function]: Zend\Mvc\DispatchListener->onDispatch(Object(Zend\Mvc\MvcEvent))
#14 C:\xampp\htdocs\CursoZF2\vendor\zendframework\zendframework\library\Zend\EventManager\EventManager.php(468): call_user_func(Array, Object(Zend\Mvc\MvcEvent))
#15 C:\xampp\htdocs\CursoZF2\vendor\zendframework\zendframework\library\Zend\EventManager\EventManager.php(207): Zend\EventManager\EventManager->triggerListeners('dispatch', Object(Zend\Mvc\MvcEvent), Object(Closure))
#16 C:\xampp\htdocs\CursoZF2\vendor\zendframework\zendframework\library\Zend\Mvc\Application.php(313): Zend\EventManager\EventManager->trigger('dispatch', Object(Zend\Mvc\MvcEvent), Object(Closure))
#17 C:\xampp\htdocs\CursoZF2\public\index.php(23): Zend\Mvc\Application->run()
#18 {main}
                        )

                )

        )

)
 {"Caprio\\Logger":"{\"sessionId\":\"\",\"host\":\"localhost\",\"ip\":\"::1\"}"}
2015-05-07T00:42:33+02:00 DEBUG (7): Array
(
    [localhost] => Array
        (
            [Request] => Zend\Uri\Http Object
                (
                    [validHostTypes:protected] => 19
                    [user:protected] => 
                    [password:protected] => 
                    [scheme:protected] => http
                    [userInfo:protected] => 
                    [host:protected] => localhost
                    [port:protected] => 
                    [path:protected] => /cursozf2/public/market/view/main/beauty
                    [query:protected] => 
                    [fragment:protected] => 
                )

            [Exception] => Array
                (
                    [Class] => Zend\Db\Adapter\Exception\RuntimeException
                    [Code] => 2002
                    [Message] => Connect Error: SQLSTATE[HY000] [2002] Nenhuma conexão pôde ser feita porque a máquina de destino as recusou ativamente.

                    [File] => C:\xampp\htdocs\CursoZF2\vendor\zendframework\zendframework\library\Zend\Db\Adapter\Driver\Pdo\Connection.php:331
                    [Trace] => #0 C:\xampp\htdocs\CursoZF2\vendor\zendframework\zendframework\library\Zend\Db\Adapter\Driver\Pdo\Pdo.php(249): Zend\Db\Adapter\Driver\Pdo\Connection->connect()
#1 C:\xampp\htdocs\CursoZF2\vendor\zendframework\zendframework\library\Zend\Db\Sql\Sql.php(120): Zend\Db\Adapter\Driver\Pdo\Pdo->createStatement()
#2 C:\xampp\htdocs\CursoZF2\vendor\zendframework\zendframework\library\Zend\Db\TableGateway\AbstractTableGateway.php(232): Zend\Db\Sql\Sql->prepareStatementForSqlObject(Object(Zend\Db\Sql\Select))
#3 C:\xampp\htdocs\CursoZF2\vendor\zendframework\zendframework\library\Zend\Db\TableGateway\AbstractTableGateway.php(208): Zend\Db\TableGateway\AbstractTableGateway->executeSelect(Object(Zend\Db\Sql\Select))
#4 C:\xampp\htdocs\CursoZF2\vendor\zendframework\zendframework\library\Zend\Db\TableGateway\AbstractTableGateway.php(195): Zend\Db\TableGateway\AbstractTableGateway->selectWith(Object(Zend\Db\Sql\Select))
#5 C:\xampp\htdocs\CursoZF2\module\Market\src\Market\Model\ListingsTable.php(27): Zend\Db\TableGateway\AbstractTableGateway->select(Array)
#6 C:\xampp\htdocs\CursoZF2\module\Market\src\Market\Controller\ViewController.php(30): Market\Model\ListingsTable->getListingsByCategory('beauty')
#7 C:\xampp\htdocs\CursoZF2\vendor\zendframework\zendframework\library\Zend\Mvc\Controller\AbstractActionController.php(83): Market\Controller\ViewController->indexAction()
#8 [internal function]: Zend\Mvc\Controller\AbstractActionController->onDispatch(Object(Zend\Mvc\MvcEvent))
#9 C:\xampp\htdocs\CursoZF2\vendor\zendframework\zendframework\library\Zend\EventManager\EventManager.php(468): call_user_func(Array, Object(Zend\Mvc\MvcEvent))
#10 C:\xampp\htdocs\CursoZF2\vendor\zendframework\zendframework\library\Zend\EventManager\EventManager.php(207): Zend\EventManager\EventManager->triggerListeners('dispatch', Object(Zend\Mvc\MvcEvent), Object(Closure))
#11 C:\xampp\htdocs\CursoZF2\vendor\zendframework\zendframework\library\Zend\Mvc\Controller\AbstractController.php(116): Zend\EventManager\EventManager->trigger('dispatch', Object(Zend\Mvc\MvcEvent), Object(Closure))
#12 C:\xampp\htdocs\CursoZF2\vendor\zendframework\zendframework\library\Zend\Mvc\DispatchListener.php(113): Zend\Mvc\Controller\AbstractController->dispatch(Object(Zend\Http\PhpEnvironment\Request), Object(Zend\Http\PhpEnvironment\Response))
#13 [internal function]: Zend\Mvc\DispatchListener->onDispatch(Object(Zend\Mvc\MvcEvent))
#14 C:\xampp\htdocs\CursoZF2\vendor\zendframework\zendframework\library\Zend\EventManager\EventManager.php(468): call_user_func(Array, Object(Zend\Mvc\MvcEvent))
#15 C:\xampp\htdocs\CursoZF2\vendor\zendframework\zendframework\library\Zend\EventManager\EventManager.php(207): Zend\EventManager\EventManager->triggerListeners('dispatch', Object(Zend\Mvc\MvcEvent), Object(Closure))
#16 C:\xampp\htdocs\CursoZF2\vendor\zendframework\zendframework\library\Zend\Mvc\Application.php(313): Zend\EventManager\EventManager->trigger('dispatch', Object(Zend\Mvc\MvcEvent), Object(Closure))
#17 C:\xampp\htdocs\CursoZF2\public\index.php(23): Zend\Mvc\Application->run()
#18 {main}
                    [Previous] => Array
                        (
                            [Class] => PDOException
                            [Code] => 2002
                            [Message] => SQLSTATE[HY000] [2002] Nenhuma conexão pôde ser feita porque a máquina de destino as recusou ativamente.

                            [File] => C:\xampp\htdocs\CursoZF2\vendor\zendframework\zendframework\library\Zend\Db\Adapter\Driver\Pdo\Connection.php:320
                            [Trace] => #0 C:\xampp\htdocs\CursoZF2\vendor\zendframework\zendframework\library\Zend\Db\Adapter\Driver\Pdo\Pdo.php(249): Zend\Db\Adapter\Driver\Pdo\Connection->connect()
#1 C:\xampp\htdocs\CursoZF2\vendor\zendframework\zendframework\library\Zend\Db\Sql\Sql.php(120): Zend\Db\Adapter\Driver\Pdo\Pdo->createStatement()
#2 C:\xampp\htdocs\CursoZF2\vendor\zendframework\zendframework\library\Zend\Db\TableGateway\AbstractTableGateway.php(232): Zend\Db\Sql\Sql->prepareStatementForSqlObject(Object(Zend\Db\Sql\Select))
#3 C:\xampp\htdocs\CursoZF2\vendor\zendframework\zendframework\library\Zend\Db\TableGateway\AbstractTableGateway.php(208): Zend\Db\TableGateway\AbstractTableGateway->executeSelect(Object(Zend\Db\Sql\Select))
#4 C:\xampp\htdocs\CursoZF2\vendor\zendframework\zendframework\library\Zend\Db\TableGateway\AbstractTableGateway.php(195): Zend\Db\TableGateway\AbstractTableGateway->selectWith(Object(Zend\Db\Sql\Select))
#5 C:\xampp\htdocs\CursoZF2\module\Market\src\Market\Model\ListingsTable.php(27): Zend\Db\TableGateway\AbstractTableGateway->select(Array)
#6 C:\xampp\htdocs\CursoZF2\module\Market\src\Market\Controller\ViewController.php(30): Market\Model\ListingsTable->getListingsByCategory('beauty')
#7 C:\xampp\htdocs\CursoZF2\vendor\zendframework\zendframework\library\Zend\Mvc\Controller\AbstractActionController.php(83): Market\Controller\ViewController->indexAction()
#8 [internal function]: Zend\Mvc\Controller\AbstractActionController->onDispatch(Object(Zend\Mvc\MvcEvent))
#9 C:\xampp\htdocs\CursoZF2\vendor\zendframework\zendframework\library\Zend\EventManager\EventManager.php(468): call_user_func(Array, Object(Zend\Mvc\MvcEvent))
#10 C:\xampp\htdocs\CursoZF2\vendor\zendframework\zendframework\library\Zend\EventManager\EventManager.php(207): Zend\EventManager\EventManager->triggerListeners('dispatch', Object(Zend\Mvc\MvcEvent), Object(Closure))
#11 C:\xampp\htdocs\CursoZF2\vendor\zendframework\zendframework\library\Zend\Mvc\Controller\AbstractController.php(116): Zend\EventManager\EventManager->trigger('dispatch', Object(Zend\Mvc\MvcEvent), Object(Closure))
#12 C:\xampp\htdocs\CursoZF2\vendor\zendframework\zendframework\library\Zend\Mvc\DispatchListener.php(113): Zend\Mvc\Controller\AbstractController->dispatch(Object(Zend\Http\PhpEnvironment\Request), Object(Zend\Http\PhpEnvironment\Response))
#13 [internal function]: Zend\Mvc\DispatchListener->onDispatch(Object(Zend\Mvc\MvcEvent))
#14 C:\xampp\htdocs\CursoZF2\vendor\zendframework\zendframework\library\Zend\EventManager\EventManager.php(468): call_user_func(Array, Object(Zend\Mvc\MvcEvent))
#15 C:\xampp\htdocs\CursoZF2\vendor\zendframework\zendframework\library\Zend\EventManager\EventManager.php(207): Zend\EventManager\EventManager->triggerListeners('dispatch', Object(Zend\Mvc\MvcEvent), Object(Closure))
#16 C:\xampp\htdocs\CursoZF2\vendor\zendframework\zendframework\library\Zend\Mvc\Application.php(313): Zend\EventManager\EventManager->trigger('dispatch', Object(Zend\Mvc\MvcEvent), Object(Closure))
#17 C:\xampp\htdocs\CursoZF2\public\index.php(23): Zend\Mvc\Application->run()
#18 {main}
                        )

                )

        )

)
 {"Caprio\\Logger":"{\"sessionId\":\"\",\"host\":\"localhost\",\"ip\":\"::1\"}"}
2015-05-07T00:43:52+02:00 DEBUG (7): Array
(
    [localhost] => Array
        (
            [Request] => Zend\Uri\Http Object
                (
                    [validHostTypes:protected] => 19
                    [user:protected] => 
                    [password:protected] => 
                    [scheme:protected] => http
                    [userInfo:protected] => 
                    [host:protected] => localhost
                    [port:protected] => 
                    [path:protected] => /cursozf2/public/market/view/main/beauty
                    [query:protected] => 
                    [fragment:protected] => 
                )

            [Exception] => Array
                (
                    [Class] => Zend\Db\Adapter\Exception\RuntimeException
                    [Code] => 2002
                    [Message] => Connect Error: SQLSTATE[HY000] [2002] Nenhuma conexão pôde ser feita porque a máquina de destino as recusou ativamente.

                    [File] => C:\xampp\htdocs\CursoZF2\vendor\zendframework\zendframework\library\Zend\Db\Adapter\Driver\Pdo\Connection.php:331
                    [Trace] => #0 C:\xampp\htdocs\CursoZF2\vendor\zendframework\zendframework\library\Zend\Db\Adapter\Driver\Pdo\Pdo.php(249): Zend\Db\Adapter\Driver\Pdo\Connection->connect()
#1 C:\xampp\htdocs\CursoZF2\vendor\zendframework\zendframework\library\Zend\Db\Sql\Sql.php(120): Zend\Db\Adapter\Driver\Pdo\Pdo->createStatement()
#2 C:\xampp\htdocs\CursoZF2\vendor\zendframework\zendframework\library\Zend\Db\TableGateway\AbstractTableGateway.php(232): Zend\Db\Sql\Sql->prepareStatementForSqlObject(Object(Zend\Db\Sql\Select))
#3 C:\xampp\htdocs\CursoZF2\vendor\zendframework\zendframework\library\Zend\Db\TableGateway\AbstractTableGateway.php(208): Zend\Db\TableGateway\AbstractTableGateway->executeSelect(Object(Zend\Db\Sql\Select))
#4 C:\xampp\htdocs\CursoZF2\vendor\zendframework\zendframework\library\Zend\Db\TableGateway\AbstractTableGateway.php(195): Zend\Db\TableGateway\AbstractTableGateway->selectWith(Object(Zend\Db\Sql\Select))
#5 C:\xampp\htdocs\CursoZF2\module\Market\src\Market\Model\ListingsTable.php(27): Zend\Db\TableGateway\AbstractTableGateway->select(Array)
#6 C:\xampp\htdocs\CursoZF2\module\Market\src\Market\Controller\ViewController.php(30): Market\Model\ListingsTable->getListingsByCategory('beauty')
#7 C:\xampp\htdocs\CursoZF2\vendor\zendframework\zendframework\library\Zend\Mvc\Controller\AbstractActionController.php(83): Market\Controller\ViewController->indexAction()
#8 [internal function]: Zend\Mvc\Controller\AbstractActionController->onDispatch(Object(Zend\Mvc\MvcEvent))
#9 C:\xampp\htdocs\CursoZF2\vendor\zendframework\zendframework\library\Zend\EventManager\EventManager.php(468): call_user_func(Array, Object(Zend\Mvc\MvcEvent))
#10 C:\xampp\htdocs\CursoZF2\vendor\zendframework\zendframework\library\Zend\EventManager\EventManager.php(207): Zend\EventManager\EventManager->triggerListeners('dispatch', Object(Zend\Mvc\MvcEvent), Object(Closure))
#11 C:\xampp\htdocs\CursoZF2\vendor\zendframework\zendframework\library\Zend\Mvc\Controller\AbstractController.php(116): Zend\EventManager\EventManager->trigger('dispatch', Object(Zend\Mvc\MvcEvent), Object(Closure))
#12 C:\xampp\htdocs\CursoZF2\vendor\zendframework\zendframework\library\Zend\Mvc\DispatchListener.php(113): Zend\Mvc\Controller\AbstractController->dispatch(Object(Zend\Http\PhpEnvironment\Request), Object(Zend\Http\PhpEnvironment\Response))
#13 [internal function]: Zend\Mvc\DispatchListener->onDispatch(Object(Zend\Mvc\MvcEvent))
#14 C:\xampp\htdocs\CursoZF2\vendor\zendframework\zendframework\library\Zend\EventManager\EventManager.php(468): call_user_func(Array, Object(Zend\Mvc\MvcEvent))
#15 C:\xampp\htdocs\CursoZF2\vendor\zendframework\zendframework\library\Zend\EventManager\EventManager.php(207): Zend\EventManager\EventManager->triggerListeners('dispatch', Object(Zend\Mvc\MvcEvent), Object(Closure))
#16 C:\xampp\htdocs\CursoZF2\vendor\zendframework\zendframework\library\Zend\Mvc\Application.php(313): Zend\EventManager\EventManager->trigger('dispatch', Object(Zend\Mvc\MvcEvent), Object(Closure))
#17 C:\xampp\htdocs\CursoZF2\public\index.php(23): Zend\Mvc\Application->run()
#18 {main}
                    [Previous] => Array
                        (
                            [Class] => PDOException
                            [Code] => 2002
                            [Message] => SQLSTATE[HY000] [2002] Nenhuma conexão pôde ser feita porque a máquina de destino as recusou ativamente.

                            [File] => C:\xampp\htdocs\CursoZF2\vendor\zendframework\zendframework\library\Zend\Db\Adapter\Driver\Pdo\Connection.php:320
                            [Trace] => #0 C:\xampp\htdocs\CursoZF2\vendor\zendframework\zendframework\library\Zend\Db\Adapter\Driver\Pdo\Pdo.php(249): Zend\Db\Adapter\Driver\Pdo\Connection->connect()
#1 C:\xampp\htdocs\CursoZF2\vendor\zendframework\zendframework\library\Zend\Db\Sql\Sql.php(120): Zend\Db\Adapter\Driver\Pdo\Pdo->createStatement()
#2 C:\xampp\htdocs\CursoZF2\vendor\zendframework\zendframework\library\Zend\Db\TableGateway\AbstractTableGateway.php(232): Zend\Db\Sql\Sql->prepareStatementForSqlObject(Object(Zend\Db\Sql\Select))
#3 C:\xampp\htdocs\CursoZF2\vendor\zendframework\zendframework\library\Zend\Db\TableGateway\AbstractTableGateway.php(208): Zend\Db\TableGateway\AbstractTableGateway->executeSelect(Object(Zend\Db\Sql\Select))
#4 C:\xampp\htdocs\CursoZF2\vendor\zendframework\zendframework\library\Zend\Db\TableGateway\AbstractTableGateway.php(195): Zend\Db\TableGateway\AbstractTableGateway->selectWith(Object(Zend\Db\Sql\Select))
#5 C:\xampp\htdocs\CursoZF2\module\Market\src\Market\Model\ListingsTable.php(27): Zend\Db\TableGateway\AbstractTableGateway->select(Array)
#6 C:\xampp\htdocs\CursoZF2\module\Market\src\Market\Controller\ViewController.php(30): Market\Model\ListingsTable->getListingsByCategory('beauty')
#7 C:\xampp\htdocs\CursoZF2\vendor\zendframework\zendframework\library\Zend\Mvc\Controller\AbstractActionController.php(83): Market\Controller\ViewController->indexAction()
#8 [internal function]: Zend\Mvc\Controller\AbstractActionController->onDispatch(Object(Zend\Mvc\MvcEvent))
#9 C:\xampp\htdocs\CursoZF2\vendor\zendframework\zendframework\library\Zend\EventManager\EventManager.php(468): call_user_func(Array, Object(Zend\Mvc\MvcEvent))
#10 C:\xampp\htdocs\CursoZF2\vendor\zendframework\zendframework\library\Zend\EventManager\EventManager.php(207): Zend\EventManager\EventManager->triggerListeners('dispatch', Object(Zend\Mvc\MvcEvent), Object(Closure))
#11 C:\xampp\htdocs\CursoZF2\vendor\zendframework\zendframework\library\Zend\Mvc\Controller\AbstractController.php(116): Zend\EventManager\EventManager->trigger('dispatch', Object(Zend\Mvc\MvcEvent), Object(Closure))
#12 C:\xampp\htdocs\CursoZF2\vendor\zendframework\zendframework\library\Zend\Mvc\DispatchListener.php(113): Zend\Mvc\Controller\AbstractController->dispatch(Object(Zend\Http\PhpEnvironment\Request), Object(Zend\Http\PhpEnvironment\Response))
#13 [internal function]: Zend\Mvc\DispatchListener->onDispatch(Object(Zend\Mvc\MvcEvent))
#14 C:\xampp\htdocs\CursoZF2\vendor\zendframework\zendframework\library\Zend\EventManager\EventManager.php(468): call_user_func(Array, Object(Zend\Mvc\MvcEvent))
#15 C:\xampp\htdocs\CursoZF2\vendor\zendframework\zendframework\library\Zend\EventManager\EventManager.php(207): Zend\EventManager\EventManager->triggerListeners('dispatch', Object(Zend\Mvc\MvcEvent), Object(Closure))
#16 C:\xampp\htdocs\CursoZF2\vendor\zendframework\zendframework\library\Zend\Mvc\Application.php(313): Zend\EventManager\EventManager->trigger('dispatch', Object(Zend\Mvc\MvcEvent), Object(Closure))
#17 C:\xampp\htdocs\CursoZF2\public\index.php(23): Zend\Mvc\Application->run()
#18 {main}
                        )

                )

        )

)
 {"Caprio\\Logger":"{\"sessionId\":\"\",\"host\":\"localhost\",\"ip\":\"::1\"}"}
